<?xml version="1.0" encoding="UTF-8"?>
<TestRun id="b76d7a8d-15d0-463e-a9b4-cd154b6e5656" name="gsripal@SRIPAL-G-W7 2014-11-26 09:04:34" runUser="CORPORATE\gsripal" xmlns="http://microsoft.com/schemas/VisualStudio/TeamTest/2010">
  <TestSettings name="Local" id="254e4c12-8a4e-4f54-8391-25b3cfea1562">
    <Description>These are default test settings for a local test run.</Description>
    <Deployment enabled="false" runDeploymentRoot="gsripal_SRIPAL-G-W7 2014-11-26 09_04_34">
      <DeploymentItem filename="c:\users\gsripal\documents\visual studio 2010\Projects\WpfAssignment\WpfAssignment\bin\Debug\WpfAssignment.exe" />
    </Deployment>
    <Execution>
      <TestTypeSpecific />
      <AgentRule name="Execution Agents">
      </AgentRule>
    </Execution>
  </TestSettings>
  <Times creation="2014-11-26T09:04:34.3486199-05:00" queuing="2014-11-26T09:04:34.6286359-05:00" start="2014-11-26T09:04:34.6486370-05:00" finish="2014-11-26T09:04:35.0376593-05:00" />
  <ResultSummary outcome="Completed">
    <Counters total="4" executed="4" passed="4" error="0" failed="0" timeout="0" aborted="0" inconclusive="0" passedButRunAborted="0" notRunnable="0" notExecuted="0" disconnected="0" warning="0" completed="0" inProgress="0" pending="0" />
  </ResultSummary>
  <TestDefinitions>
    <UnitTest name="AgeValdation_AgeMoreThan99_FailedValidation" storage="c:\users\gsripal\documents\visual studio 2010\projects\wpfassignment\unittests\bin\debug\unittests.dll" id="d76bd686-988b-19e4-acc2-8ef46af1c39c">
      <Description>Maximum age limit validation</Description>
      <Execution id="f242b7e2-86e8-4b72-ad07-e74576132ed7" />
      <TestMethod codeBase="c:/users/gsripal/documents/visual studio 2010/Projects/WpfAssignment/UnitTests/bin/Debug/UnitTests.DLL" adapterTypeName="Microsoft.VisualStudio.TestTools.TestTypes.Unit.UnitTestAdapter, Microsoft.VisualStudio.QualityTools.Tips.UnitTest.Adapter, Version=10.0.0.0, Culture=neutral, PublicKeyToken=b03f5f7f11d50a3a" className="UnitTests.ValidationTests, UnitTests, Version=1.0.0.0, Culture=neutral, PublicKeyToken=null" name="AgeValdation_AgeMoreThan99_FailedValidation" />
    </UnitTest>
    <UnitTest name="AgeValdation_AgeLessThanOne_FailedValidation" storage="c:\users\gsripal\documents\visual studio 2010\projects\wpfassignment\unittests\bin\debug\unittests.dll" id="e147ae6c-ff06-2414-2818-ae694c624826">
      <Description>Minimum age limit validation</Description>
      <Execution id="fa1fe0ab-3f4a-4323-962b-23da9e394770" />
      <TestMethod codeBase="c:/users/gsripal/documents/visual studio 2010/Projects/WpfAssignment/UnitTests/bin/Debug/UnitTests.DLL" adapterTypeName="Microsoft.VisualStudio.TestTools.TestTypes.Unit.UnitTestAdapter, Microsoft.VisualStudio.QualityTools.Tips.UnitTest.Adapter, Version=10.0.0.0, Culture=neutral, PublicKeyToken=b03f5f7f11d50a3a" className="UnitTests.ValidationTests, UnitTests, Version=1.0.0.0, Culture=neutral, PublicKeyToken=null" name="AgeValdation_AgeLessThanOne_FailedValidation" />
    </UnitTest>
    <UnitTest name="AgeValdation_ValidLimit_SuccessfulValdation" storage="c:\users\gsripal\documents\visual studio 2010\projects\wpfassignment\unittests\bin\debug\unittests.dll" id="3b9735b4-0fb5-ed5d-19e9-ed6cdbcf6805">
      <Description>Valid input</Description>
      <Execution id="8e85fa90-7de4-435f-b93e-5de84e535200" />
      <TestMethod codeBase="c:/users/gsripal/documents/visual studio 2010/Projects/WpfAssignment/UnitTests/bin/Debug/UnitTests.DLL" adapterTypeName="Microsoft.VisualStudio.TestTools.TestTypes.Unit.UnitTestAdapter, Microsoft.VisualStudio.QualityTools.Tips.UnitTest.Adapter, Version=10.0.0.0, Culture=neutral, PublicKeyToken=b03f5f7f11d50a3a" className="UnitTests.ValidationTests, UnitTests, Version=1.0.0.0, Culture=neutral, PublicKeyToken=null" name="AgeValdation_ValidLimit_SuccessfulValdation" />
    </UnitTest>
    <UnitTest name="AgeValdation_InvalidInput_FailedValidation" storage="c:\users\gsripal\documents\visual studio 2010\projects\wpfassignment\unittests\bin\debug\unittests.dll" id="827e686d-200e-c939-f28c-365d7e5bb026">
      <Description>Alpha numeric character input should fail age validaiton</Description>
      <Execution id="a96dd8da-6f31-4673-b78b-5b43970a4cad" />
      <TestMethod codeBase="c:/users/gsripal/documents/visual studio 2010/Projects/WpfAssignment/UnitTests/bin/Debug/UnitTests.DLL" adapterTypeName="Microsoft.VisualStudio.TestTools.TestTypes.Unit.UnitTestAdapter, Microsoft.VisualStudio.QualityTools.Tips.UnitTest.Adapter, Version=10.0.0.0, Culture=neutral, PublicKeyToken=b03f5f7f11d50a3a" className="UnitTests.ValidationTests, UnitTests, Version=1.0.0.0, Culture=neutral, PublicKeyToken=null" name="AgeValdation_InvalidInput_FailedValidation" />
    </UnitTest>
  </TestDefinitions>
  <TestLists>
    <TestList name="Results Not in a List" id="8c84fa94-04c1-424b-9868-57a2d4851a1d" />
    <TestList name="All Loaded Results" id="19431567-8539-422a-85d7-44ee4e166bda" />
  </TestLists>
  <TestEntries>
    <TestEntry testId="e147ae6c-ff06-2414-2818-ae694c624826" executionId="fa1fe0ab-3f4a-4323-962b-23da9e394770" testListId="8c84fa94-04c1-424b-9868-57a2d4851a1d" />
    <TestEntry testId="d76bd686-988b-19e4-acc2-8ef46af1c39c" executionId="f242b7e2-86e8-4b72-ad07-e74576132ed7" testListId="8c84fa94-04c1-424b-9868-57a2d4851a1d" />
    <TestEntry testId="827e686d-200e-c939-f28c-365d7e5bb026" executionId="a96dd8da-6f31-4673-b78b-5b43970a4cad" testListId="8c84fa94-04c1-424b-9868-57a2d4851a1d" />
    <TestEntry testId="3b9735b4-0fb5-ed5d-19e9-ed6cdbcf6805" executionId="8e85fa90-7de4-435f-b93e-5de84e535200" testListId="8c84fa94-04c1-424b-9868-57a2d4851a1d" />
  </TestEntries>
  <Results>
    <UnitTestResult executionId="fa1fe0ab-3f4a-4323-962b-23da9e394770" testId="e147ae6c-ff06-2414-2818-ae694c624826" testName="AgeValdation_AgeLessThanOne_FailedValidation" computerName="SRIPAL-G-W7" duration="00:00:00.0229837" startTime="2014-11-26T09:04:34.6566375-05:00" endTime="2014-11-26T09:04:34.9956569-05:00" testType="13cdc9d9-ddb5-4fa4-a97d-d965ccfc6d4b" outcome="Passed" testListId="8c84fa94-04c1-424b-9868-57a2d4851a1d" relativeResultsDirectory="fa1fe0ab-3f4a-4323-962b-23da9e394770">
    </UnitTestResult>
    <UnitTestResult executionId="f242b7e2-86e8-4b72-ad07-e74576132ed7" testId="d76bd686-988b-19e4-acc2-8ef46af1c39c" testName="AgeValdation_AgeMoreThan99_FailedValidation" computerName="SRIPAL-G-W7" duration="00:00:00.0002904" startTime="2014-11-26T09:04:35.0016572-05:00" endTime="2014-11-26T09:04:35.0056574-05:00" testType="13cdc9d9-ddb5-4fa4-a97d-d965ccfc6d4b" outcome="Passed" testListId="8c84fa94-04c1-424b-9868-57a2d4851a1d" relativeResultsDirectory="f242b7e2-86e8-4b72-ad07-e74576132ed7">
    </UnitTestResult>
    <UnitTestResult executionId="a96dd8da-6f31-4673-b78b-5b43970a4cad" testId="827e686d-200e-c939-f28c-365d7e5bb026" testName="AgeValdation_InvalidInput_FailedValidation" computerName="SRIPAL-G-W7" duration="00:00:00.0002189" startTime="2014-11-26T09:04:35.0076576-05:00" endTime="2014-11-26T09:04:35.0106577-05:00" testType="13cdc9d9-ddb5-4fa4-a97d-d965ccfc6d4b" outcome="Passed" testListId="8c84fa94-04c1-424b-9868-57a2d4851a1d" relativeResultsDirectory="a96dd8da-6f31-4673-b78b-5b43970a4cad">
    </UnitTestResult>
    <UnitTestResult executionId="8e85fa90-7de4-435f-b93e-5de84e535200" testId="3b9735b4-0fb5-ed5d-19e9-ed6cdbcf6805" testName="AgeValdation_ValidLimit_SuccessfulValdation" computerName="SRIPAL-G-W7" duration="00:00:00.0002771" startTime="2014-11-26T09:04:35.0126578-05:00" endTime="2014-11-26T09:04:35.0156580-05:00" testType="13cdc9d9-ddb5-4fa4-a97d-d965ccfc6d4b" outcome="Passed" testListId="8c84fa94-04c1-424b-9868-57a2d4851a1d" relativeResultsDirectory="8e85fa90-7de4-435f-b93e-5de84e535200">
    </UnitTestResult>
  </Results>
</TestRun>