<?xml version="1.0" encoding="UTF-8"?>
<TestRun id="a12b0a13-5771-434a-ad1c-85a3728bd565" name="gsripal@SRIPAL-G-W7 2014-11-26 10:39:18" runUser="CORPORATE\gsripal" xmlns="http://microsoft.com/schemas/VisualStudio/TeamTest/2010">
  <TestSettings name="Local" id="254e4c12-8a4e-4f54-8391-25b3cfea1562">
    <Description>These are default test settings for a local test run.</Description>
    <Deployment enabled="false" runDeploymentRoot="gsripal_SRIPAL-G-W7 2014-11-26 10_39_18">
      <DeploymentItem filename="c:\users\gsripal\documents\visual studio 2010\Projects\WpfAssignment\WpfAssignment\bin\Debug\WpfAssignment.exe" />
    </Deployment>
    <Execution>
      <TestTypeSpecific />
      <AgentRule name="Execution Agents">
      </AgentRule>
    </Execution>
  </TestSettings>
  <Times creation="2014-11-26T10:39:18.8087524-05:00" queuing="2014-11-26T10:39:20.8728704-05:00" start="2014-11-26T10:39:21.0528807-05:00" finish="2014-11-26T10:39:33.7456067-05:00" />
  <ResultSummary outcome="Completed">
    <Counters total="1" executed="1" passed="1" error="0" failed="0" timeout="0" aborted="0" inconclusive="0" passedButRunAborted="0" notRunnable="0" notExecuted="0" disconnected="0" warning="0" completed="0" inProgress="0" pending="0" />
  </ResultSummary>
  <TestDefinitions>
    <UnitTest name="PersonListTest" storage="c:\users\gsripal\documents\visual studio 2010\projects\wpfassignment\unittests\bin\debug\unittests.dll" id="0a7b2002-5633-2f53-1cd5-60fba099851c">
      <Execution id="8de17870-d647-44c0-9d91-ea66093ce16d" />
      <TestMethod codeBase="c:/users/gsripal/documents/visual studio 2010/Projects/WpfAssignment/UnitTests/bin/Debug/UnitTests.DLL" adapterTypeName="Microsoft.VisualStudio.TestTools.TestTypes.Unit.UnitTestAdapter, Microsoft.VisualStudio.QualityTools.Tips.UnitTest.Adapter, Version=10.0.0.0, Culture=neutral, PublicKeyToken=b03f5f7f11d50a3a" className="UnitTests.PersonListViewModelTest, UnitTests, Version=1.0.0.0, Culture=neutral, PublicKeyToken=null" name="PersonListTest" />
    </UnitTest>
  </TestDefinitions>
  <TestLists>
    <TestList name="Results Not in a List" id="8c84fa94-04c1-424b-9868-57a2d4851a1d" />
    <TestList name="All Loaded Results" id="19431567-8539-422a-85d7-44ee4e166bda" />
  </TestLists>
  <TestEntries>
    <TestEntry testId="0a7b2002-5633-2f53-1cd5-60fba099851c" executionId="8de17870-d647-44c0-9d91-ea66093ce16d" testListId="8c84fa94-04c1-424b-9868-57a2d4851a1d" />
  </TestEntries>
  <Results>
    <UnitTestResult executionId="8de17870-d647-44c0-9d91-ea66093ce16d" testId="0a7b2002-5633-2f53-1cd5-60fba099851c" testName="PersonListTest" computerName="SRIPAL-G-W7" duration="00:00:10.3777543" startTime="2014-11-26T10:39:21.2268907-05:00" endTime="2014-11-26T10:39:33.6095989-05:00" testType="13cdc9d9-ddb5-4fa4-a97d-d965ccfc6d4b" outcome="Passed" testListId="8c84fa94-04c1-424b-9868-57a2d4851a1d" relativeResultsDirectory="8de17870-d647-44c0-9d91-ea66093ce16d">
    </UnitTestResult>
  </Results>
</TestRun>