<?xml version="1.0" encoding="UTF-8"?>
<TestRun id="a6680d3f-1335-45e9-93b9-2f1de5b4bfb2" name="gsripal@SRIPAL-G-W7 2014-11-26 10:29:53" runUser="CORPORATE\gsripal" xmlns="http://microsoft.com/schemas/VisualStudio/TeamTest/2010">
  <TestSettings name="Local" id="254e4c12-8a4e-4f54-8391-25b3cfea1562">
    <Description>These are default test settings for a local test run.</Description>
    <Deployment enabled="false" runDeploymentRoot="gsripal_SRIPAL-G-W7 2014-11-26 10_29_53">
      <DeploymentItem filename="c:\users\gsripal\documents\visual studio 2010\Projects\WpfAssignment\WpfAssignment\bin\Debug\WpfAssignment.exe" />
    </Deployment>
    <Execution>
      <TestTypeSpecific />
      <AgentRule name="Execution Agents">
      </AgentRule>
    </Execution>
  </TestSettings>
  <Times creation="2014-11-26T10:29:53.1834005-05:00" queuing="2014-11-26T10:29:55.6945441-05:00" start="2014-11-26T10:29:55.8335520-05:00" finish="2014-11-26T10:30:18.3278386-05:00" />
  <ResultSummary outcome="Error">
    <Counters total="1" executed="1" error="0" failed="0" timeout="0" aborted="1" inconclusive="0" passedButRunAborted="0" notRunnable="0" notExecuted="0" disconnected="0" warning="0" passed="0" completed="0" inProgress="0" pending="0" />
    <RunInfos>
      <RunInfo computerName="SRIPAL-G-W7" outcome="Error" timestamp="2014-11-26T10:30:18.3238384-05:00">
        <Text>Test host process exited unexpectedly.</Text>
      </RunInfo>
    </RunInfos>
  </ResultSummary>
  <TestDefinitions>
    <UnitTest name="PersonListTest" storage="c:\users\gsripal\documents\visual studio 2010\projects\wpfassignment\unittests\bin\debug\unittests.dll" id="0a7b2002-5633-2f53-1cd5-60fba099851c">
      <Execution id="0385d372-94d8-488a-9cd2-bd2c934769ac" />
      <TestMethod codeBase="c:/users/gsripal/documents/visual studio 2010/Projects/WpfAssignment/UnitTests/bin/Debug/UnitTests.DLL" adapterTypeName="Microsoft.VisualStudio.TestTools.TestTypes.Unit.UnitTestAdapter, Microsoft.VisualStudio.QualityTools.Tips.UnitTest.Adapter, Version=10.0.0.0, Culture=neutral, PublicKeyToken=b03f5f7f11d50a3a" className="UnitTests.PersonListViewModelTest, UnitTests, Version=1.0.0.0, Culture=neutral, PublicKeyToken=null" name="PersonListTest" />
    </UnitTest>
  </TestDefinitions>
  <TestLists>
    <TestList name="Results Not in a List" id="8c84fa94-04c1-424b-9868-57a2d4851a1d" />
    <TestList name="All Loaded Results" id="19431567-8539-422a-85d7-44ee4e166bda" />
  </TestLists>
  <TestEntries>
    <TestEntry testId="0a7b2002-5633-2f53-1cd5-60fba099851c" executionId="0385d372-94d8-488a-9cd2-bd2c934769ac" testListId="8c84fa94-04c1-424b-9868-57a2d4851a1d" />
  </TestEntries>
  <Results>
    <UnitTestResult executionId="0385d372-94d8-488a-9cd2-bd2c934769ac" testId="0a7b2002-5633-2f53-1cd5-60fba099851c" testName="PersonListTest" computerName="SRIPAL-G-W7" duration="00:00:22.3622790" startTime="2014-11-26T10:29:55.9655596-05:00" endTime="2014-11-26T10:30:18.3278386-05:00" testType="13cdc9d9-ddb5-4fa4-a97d-d965ccfc6d4b" outcome="Aborted" testListId="8c84fa94-04c1-424b-9868-57a2d4851a1d" relativeResultsDirectory="0385d372-94d8-488a-9cd2-bd2c934769ac">
    </UnitTestResult>
  </Results>
</TestRun>