<?xml version="1.0" encoding="UTF-8"?>
<TestRun id="304bd7a3-0057-4f9f-ae45-131c3d31366f" name="gsripal@SRIPAL-G-W7 2014-11-26 09:43:23" runUser="CORPORATE\gsripal" xmlns="http://microsoft.com/schemas/VisualStudio/TeamTest/2010">
  <TestSettings name="Local" id="254e4c12-8a4e-4f54-8391-25b3cfea1562">
    <Description>These are default test settings for a local test run.</Description>
    <Deployment enabled="false" runDeploymentRoot="gsripal_SRIPAL-G-W7 2014-11-26 09_43_23">
      <DeploymentItem filename="c:\users\gsripal\documents\visual studio 2010\Projects\WpfAssignment\WpfAssignment\bin\Debug\WpfAssignment.exe" />
    </Deployment>
    <Execution>
      <TestTypeSpecific />
      <AgentRule name="Execution Agents">
      </AgentRule>
    </Execution>
  </TestSettings>
  <Times creation="2014-11-26T09:43:23.0748154-05:00" queuing="2014-11-26T09:43:24.8839189-05:00" start="2014-11-26T09:43:25.0549286-05:00" finish="2014-11-26T09:43:54.4566103-05:00" />
  <ResultSummary outcome="Completed">
    <Counters total="1" executed="1" passed="1" error="0" failed="0" timeout="0" aborted="0" inconclusive="0" passedButRunAborted="0" notRunnable="0" notExecuted="0" disconnected="0" warning="0" completed="0" inProgress="0" pending="0" />
  </ResultSummary>
  <TestDefinitions>
    <UnitTest name="ConvertTest_NullInput_EmptyString" storage="c:\users\gsripal\documents\visual studio 2010\projects\wpfassignment\unittests\bin\debug\unittests.dll" id="3d1d830b-9007-d680-a1d0-9c6683fccf85">
      <Description>Person object null, should return empty string</Description>
      <Execution id="834dea54-88cc-4bcc-8092-c89709cd5988" />
      <TestMethod codeBase="c:/users/gsripal/documents/visual studio 2010/Projects/WpfAssignment/UnitTests/bin/Debug/UnitTests.DLL" adapterTypeName="Microsoft.VisualStudio.TestTools.TestTypes.Unit.UnitTestAdapter, Microsoft.VisualStudio.QualityTools.Tips.UnitTest.Adapter, Version=10.0.0.0, Culture=neutral, PublicKeyToken=b03f5f7f11d50a3a" className="UnitTests.PersonToStringConverterTest, UnitTests, Version=1.0.0.0, Culture=neutral, PublicKeyToken=null" name="ConvertTest_NullInput_EmptyString" />
    </UnitTest>
  </TestDefinitions>
  <TestLists>
    <TestList name="Results Not in a List" id="8c84fa94-04c1-424b-9868-57a2d4851a1d" />
    <TestList name="All Loaded Results" id="19431567-8539-422a-85d7-44ee4e166bda" />
  </TestLists>
  <TestEntries>
    <TestEntry testId="3d1d830b-9007-d680-a1d0-9c6683fccf85" executionId="834dea54-88cc-4bcc-8092-c89709cd5988" testListId="8c84fa94-04c1-424b-9868-57a2d4851a1d" />
  </TestEntries>
  <Results>
    <UnitTestResult executionId="834dea54-88cc-4bcc-8092-c89709cd5988" testId="3d1d830b-9007-d680-a1d0-9c6683fccf85" testName="ConvertTest_NullInput_EmptyString" computerName="SRIPAL-G-W7" duration="00:00:27.2576376" startTime="2014-11-26T09:43:25.2199381-05:00" endTime="2014-11-26T09:43:54.3356034-05:00" testType="13cdc9d9-ddb5-4fa4-a97d-d965ccfc6d4b" outcome="Passed" testListId="8c84fa94-04c1-424b-9868-57a2d4851a1d" relativeResultsDirectory="834dea54-88cc-4bcc-8092-c89709cd5988">
    </UnitTestResult>
  </Results>
</TestRun>