<?xml version="1.0" encoding="UTF-8"?>
<TestRun id="779cd15a-1f53-4611-a996-40b23e3fe98a" name="gsripal@SRIPAL-G-W7 2014-11-26 10:29:05" runUser="CORPORATE\gsripal" xmlns="http://microsoft.com/schemas/VisualStudio/TeamTest/2010">
  <TestSettings name="Local" id="254e4c12-8a4e-4f54-8391-25b3cfea1562">
    <Description>These are default test settings for a local test run.</Description>
    <Deployment enabled="false" runDeploymentRoot="gsripal_SRIPAL-G-W7 2014-11-26 10_29_05">
      <DeploymentItem filename="c:\users\gsripal\documents\visual studio 2010\Projects\WpfAssignment\WpfAssignment\bin\Debug\WpfAssignment.exe" />
    </Deployment>
    <Execution>
      <TestTypeSpecific />
      <AgentRule name="Execution Agents">
      </AgentRule>
    </Execution>
  </TestSettings>
  <Times creation="2014-11-26T10:29:05.2396582-05:00" queuing="2014-11-26T10:29:05.3406640-05:00" start="2014-11-26T10:29:05.3466644-05:00" finish="2014-11-26T10:29:05.5806777-05:00" />
  <ResultSummary outcome="Failed">
    <Counters total="1" executed="1" error="0" failed="1" timeout="0" aborted="0" inconclusive="0" passedButRunAborted="0" notRunnable="0" notExecuted="0" disconnected="0" warning="0" passed="0" completed="0" inProgress="0" pending="0" />
  </ResultSummary>
  <TestDefinitions>
    <UnitTest name="PersonListTest" storage="c:\users\gsripal\documents\visual studio 2010\projects\wpfassignment\unittests\bin\debug\unittests.dll" id="0a7b2002-5633-2f53-1cd5-60fba099851c">
      <Execution id="d3bb01b1-0d83-4490-9bea-ec4404a967bd" />
      <TestMethod codeBase="c:/users/gsripal/documents/visual studio 2010/Projects/WpfAssignment/UnitTests/bin/Debug/UnitTests.DLL" adapterTypeName="Microsoft.VisualStudio.TestTools.TestTypes.Unit.UnitTestAdapter, Microsoft.VisualStudio.QualityTools.Tips.UnitTest.Adapter, Version=10.0.0.0, Culture=neutral, PublicKeyToken=b03f5f7f11d50a3a" className="UnitTests.PersonListViewModelTest, UnitTests, Version=1.0.0.0, Culture=neutral, PublicKeyToken=null" name="PersonListTest" />
    </UnitTest>
  </TestDefinitions>
  <TestLists>
    <TestList name="Results Not in a List" id="8c84fa94-04c1-424b-9868-57a2d4851a1d" />
    <TestList name="All Loaded Results" id="19431567-8539-422a-85d7-44ee4e166bda" />
  </TestLists>
  <TestEntries>
    <TestEntry testId="0a7b2002-5633-2f53-1cd5-60fba099851c" executionId="d3bb01b1-0d83-4490-9bea-ec4404a967bd" testListId="8c84fa94-04c1-424b-9868-57a2d4851a1d" />
  </TestEntries>
  <Results>
    <UnitTestResult executionId="d3bb01b1-0d83-4490-9bea-ec4404a967bd" testId="0a7b2002-5633-2f53-1cd5-60fba099851c" testName="PersonListTest" computerName="SRIPAL-G-W7" duration="00:00:00.0397706" startTime="2014-11-26T10:29:05.3676656-05:00" endTime="2014-11-26T10:29:05.5656769-05:00" testType="13cdc9d9-ddb5-4fa4-a97d-d965ccfc6d4b" outcome="Failed" testListId="8c84fa94-04c1-424b-9868-57a2d4851a1d" relativeResultsDirectory="d3bb01b1-0d83-4490-9bea-ec4404a967bd">
      <Output>
        <ErrorInfo>
          <Message>Assert.AreEqual failed. Expected:&lt;System.Collections.ObjectModel.ObservableCollection`1[WpfAssignment.Datamodel.Person]&gt;. Actual:&lt;System.Collections.ObjectModel.ObservableCollection`1[WpfAssignment.Datamodel.Person]&gt;. </Message>
          <StackTrace>   at UnitTests.PersonListViewModelTest.PersonListTest() in c:\users\gsripal\documents\visual studio 2010\Projects\WpfAssignment\UnitTests\PersonListViewModelTest.cs:line 149
</StackTrace>
        </ErrorInfo>
      </Output>
    </UnitTestResult>
  </Results>
</TestRun>